{"total": {"lines":{"total":92,"covered":67,"skipped":0,"pct":72.82},"statements":{"total":96,"covered":68,"skipped":0,"pct":70.83},"functions":{"total":18,"covered":7,"skipped":0,"pct":38.88},"branches":{"total":30,"covered":12,"skipped":0,"pct":40},"branchesTrue":{"total":0,"covered":0,"skipped":0,"pct":100}}
,"C:\\programs\\hackerbay\\backend\\server.js": {"lines":{"total":17,"covered":16,"skipped":0,"pct":94.11},"functions":{"total":0,"covered":0,"skipped":0,"pct":100},"statements":{"total":17,"covered":16,"skipped":0,"pct":94.11},"branches":{"total":4,"covered":3,"skipped":0,"pct":75}}
,"C:\\programs\\hackerbay\\backend\\controllers\\user.controller.js": {"lines":{"total":33,"covered":20,"skipped":0,"pct":60.6},"functions":{"total":4,"covered":1,"skipped":0,"pct":25},"statements":{"total":35,"covered":20,"skipped":0,"pct":57.14},"branches":{"total":19,"covered":9,"skipped":0,"pct":47.36}}
,"C:\\programs\\hackerbay\\backend\\models\\user.model.js": {"lines":{"total":12,"covered":11,"skipped":0,"pct":91.66},"functions":{"total":2,"covered":1,"skipped":0,"pct":50},"statements":{"total":12,"covered":11,"skipped":0,"pct":91.66},"branches":{"total":0,"covered":0,"skipped":0,"pct":100}}
,"C:\\programs\\hackerbay\\backend\\routes\\user.route.js": {"lines":{"total":5,"covered":5,"skipped":0,"pct":100},"functions":{"total":2,"covered":1,"skipped":0,"pct":50},"statements":{"total":7,"covered":6,"skipped":0,"pct":85.71},"branches":{"total":0,"covered":0,"skipped":0,"pct":100}}
,"C:\\programs\\hackerbay\\backend\\utils\\Logging.js": {"lines":{"total":6,"covered":3,"skipped":0,"pct":50},"functions":{"total":1,"covered":0,"skipped":0,"pct":0},"statements":{"total":6,"covered":3,"skipped":0,"pct":50},"branches":{"total":3,"covered":0,"skipped":0,"pct":0}}
,"C:\\programs\\hackerbay\\backend\\utils\\dbConnect.js": {"lines":{"total":5,"covered":4,"skipped":0,"pct":80},"functions":{"total":3,"covered":2,"skipped":0,"pct":66.66},"statements":{"total":5,"covered":4,"skipped":0,"pct":80},"branches":{"total":0,"covered":0,"skipped":0,"pct":100}}
,"C:\\programs\\hackerbay\\backend\\utils\\jwt.js": {"lines":{"total":7,"covered":2,"skipped":0,"pct":28.57},"functions":{"total":3,"covered":0,"skipped":0,"pct":0},"statements":{"total":7,"covered":2,"skipped":0,"pct":28.57},"branches":{"total":2,"covered":0,"skipped":0,"pct":0}}
,"C:\\programs\\hackerbay\\backend\\utils\\utils.js": {"lines":{"total":7,"covered":6,"skipped":0,"pct":85.71},"functions":{"total":3,"covered":2,"skipped":0,"pct":66.66},"statements":{"total":7,"covered":6,"skipped":0,"pct":85.71},"branches":{"total":2,"covered":0,"skipped":0,"pct":0}}
}
